added manifest
adding: .gitignore(in = 114) (out= 58)(deflated 49%)
adding: game-jar.err(in = 0) (out= 0)(stored 0%)
adding: game-jar.out(in = 120) (out= 95)(deflated 20%)
adding: game.png(in = 301444) (out= 300842)(deflated 0%)
adding: gameend.png(in = 271949) (out= 271190)(deflated 0%)
adding: gameerr.png(in = 274465) (out= 273673)(deflated 0%)
adding: gamewinner.png(in = 274368) (out= 273569)(deflated 0%)
adding: iconabt.png(in = 1401) (out= 1380)(deflated 1%)
adding: iconcol.png(in = 960) (out= 927)(deflated 3%)
adding: iconext.png(in = 1101) (out= 1076)(deflated 2%)
adding: iconnew.png(in = 1390) (out= 1374)(deflated 1%)
adding: iconsol.png(in = 1372) (out= 1353)(deflated 1%)
adding: image.png(in = 109) (out= 88)(deflated 19%)
adding: Main/(in = 0) (out= 0)(stored 0%)
adding: Main/ClientMain.class(in = 8085) (out= 4300)(deflated 46%)
adding: Main/Design$1.class(in = 790) (out= 508)(deflated 35%)
adding: Main/Design$2.class(in = 739) (out= 486)(deflated 34%)
adding: Main/Design$3.class(in = 818) (out= 509)(deflated 37%)
adding: Main/Design.class(in = 14906) (out= 7725)(deflated 48%)
adding: Main/GameController.class(in = 1106) (out= 627)(deflated 43%)
adding: Main/Main.class(in = 300) (out= 229)(deflated 23%)
adding: Main/Server$startClient.class(in = 1765) (out= 920)(deflated 47%)
adding: Main/Server.class(in = 2178) (out= 1189)(deflated 45%)
adding: Main/ServerMain.class(in = 5179) (out= 2789)(deflated 46%)
adding: N.jpg(in = 16838) (out= 5281)(deflated 68%)
adding: pinkbtn.png(in = 9959) (out= 7164)(deflated 28%)
adding: skyblue.png(in = 10029) (out= 7219)(deflated 28%)
adding: square.png(in = 3325) (out= 796)(deflated 76%)
adding: style.css(in = 0) (out= 0)(stored 0%)
